<?xml version="1.0" encoding="UTF-8"?>
<testng-results skipped="0" failed="0" ignored="0" total="1" passed="1">
  <reporter-output>
  </reporter-output>
  <suite name="Default suite" duration-ms="65665" started-at="2019-06-27T06:50:30Z" finished-at="2019-06-27T06:51:35Z">
    <groups>
    </groups>
    <test name="Default test" duration-ms="65665" started-at="2019-06-27T06:50:30Z" finished-at="2019-06-27T06:51:35Z">
      <class name="com.training.sanity.tests.UNF_054">
        <test-method status="PASS" signature="setUpBeforeClass()[pri:0, instance:com.training.sanity.tests.UNF_054@ae45eb6]" name="setUpBeforeClass" is-config="true" duration-ms="158" started-at="2019-06-27T12:20:30Z" finished-at="2019-06-27T12:20:30Z">
          <reporter-output>
          </reporter-output>
        </test-method> <!-- setUpBeforeClass -->
        <test-method status="PASS" signature="setUp()[pri:0, instance:com.training.sanity.tests.UNF_054@ae45eb6]" name="setUp" is-config="true" duration-ms="9255" started-at="2019-06-27T12:20:30Z" finished-at="2019-06-27T12:20:39Z">
          <reporter-output>
          </reporter-output>
        </test-method> <!-- setUp -->
        <test-method status="PASS" signature="orderByAdmin()[pri:0, instance:com.training.sanity.tests.UNF_054@ae45eb6]" name="orderByAdmin" duration-ms="53867" started-at="2019-06-27T12:20:39Z" finished-at="2019-06-27T12:21:33Z">
          <reporter-output>
          </reporter-output>
        </test-method> <!-- orderByAdmin -->
        <test-method status="PASS" signature="tearDown()[pri:0, instance:com.training.sanity.tests.UNF_054@ae45eb6]" name="tearDown" is-config="true" duration-ms="2370" started-at="2019-06-27T12:21:33Z" finished-at="2019-06-27T12:21:35Z">
          <reporter-output>
          </reporter-output>
        </test-method> <!-- tearDown -->
      </class> <!-- com.training.sanity.tests.UNF_054 -->
    </test> <!-- Default test -->
  </suite> <!-- Default suite -->
</testng-results>
